
Mar 28 16:51 [PSNJ13522-2015-03-22-MMT-BCH-1200.fits]: PSNJ1352
    center      cont      flux       eqw      core     gfwhm     lfwhm
  6604.173 1.519E-15 1.387E-13    -91.37
avg:  1.479E-15  rms:  4.944E-17   snr:    29.92
avg:  1.423E-15  rms:  5.028E-17   snr:    28.30
    center      cont      flux       eqw      core     gfwhm     lfwhm
  6606.441 1.417E-15 9.598E-14    -67.73 4.362E-15     20.67        0.
    center      cont      flux       eqw      core     gfwhm     lfwhm
  6744.796 1.468E-15 5.443E-15    -3.707 4.900E-17        0.     70.71
  6600.063 1.465E-15 -2.83E-14     19.32 -1.92E-16        0.     93.66
  6606.497 1.465E-15 2.838E-14    -19.36 1.258E-14        0.     1.436
  6606.246 1.465E-15 1.387E-13    -94.66 2.241E-15        0.      39.4
   6547.41 1.464E-15 2.466E-14    -16.84 1.699E-16        0.     92.37
  6606.544 2.039E-15 4.561E-14    -22.36 1.236E-14        0.     2.349
  6606.551 1.894E-15 4.852E-14    -25.61 1.216E-14        0.     2.539
  6606.551 1.900E-15 4.839E-14    -25.47 1.217E-14        0.     2.531
  6606.572 1.950E-15 3.058E-14    -15.68 1.207E-14     2.381        0.
  6765.288 3.395E-15 -5.26E-13      155. -2.04E-15        0.      164.
  6607.271 1.586E-15 3.136E-13    -197.8 4.645E-14        0.     4.297
   6607.15 1.586E-15 -1.36E-13     86.04 -1.94E-14     6.607        0.
  6607.712 1.586E-15 -7.34E-14      46.3 -2.03E-14        0.     2.303
  6607.854 1.672E-15 4.752E-13    -284.2 8.019E-14        0.     3.773
  6608.007 1.672E-15 -4.02E-13     240.5 -7.52E-14        0.     3.407

Mar 28 17:37 [PSNJ13522-2015-03-22-MMT-BCH-1200.dop.fits]: PSNJ1352
avg:  1.432E-15  rms:  5.176E-17   snr:    27.65
    center      cont      flux       eqw      core     gfwhm     lfwhm
  6557.806 1.488E-15 1.456E-13    -97.79

Mar 28 17:45 [PSNJ13522-2015-03-22-MMT-BCH-1200.dop.fits]: PSNJ1352
avg:  1.437E-15  rms:  5.635E-17   snr:    25.50
avg:  1.534E-15  rms:  5.835E-17   snr:    26.29
avg:  1.429E-15  rms:  4.038E-17   snr:    35.39
avg:  1.436E-15  rms:  5.315E-17   snr:    27.01

Mar 28 17:46 [PSNJ13522-2015-04-30-MMT-BCH-1200.dop.fits]: J13522
    center      cont      flux       eqw      core     gfwhm     lfwhm
   6553.95 1.058E-15 1.915E-13    -180.9
avg:  1.064E-15  rms:  4.785E-17   snr:    22.24
    center      cont      flux       eqw      core     gfwhm     lfwhm
  6560.457 1.123E-15 3.279E-13     -292. 1.069E-14        0.     19.52
  6560.721 1.123E-15 -1.61E-13     143.3 -7.29E-15     20.73        0.
    center      cont      flux       eqw      core     gfwhm     lfwhm
  6559.937 4.299E-15 6.042E-15    -1.405 5.370E-15     1.057        0.

Mar 28 17:54 [PSNJ13522-2015-04-30-MMT-BCH-1200.dop.fits]: J13522
  6555.956 1.067E-15 1.565E-13    -146.7 1.991E-15     73.82        0.

Mar 28 17:55 [PSNJ13522-2015-03-22-MMT-BCH-1200.dop.fits]: PSNJ1352
  6560.622 1.446E-15 6.468E-14    -44.73 1.054E-14        0.     3.906
  6560.546 2.778E-15 3.518E-14    -12.66 1.272E-14        0.     1.761
  6560.619 1.466E-15 6.322E-14    -43.14 1.071E-14        0.     3.759
    center      cont      flux       eqw      core     gfwhm     lfwhm
  6560.534 1.541E-15 3.038E-14    -19.71 1.267E-14        0.     1.526
  6559.548 1.541E-15 8.850E-14    -57.42 1.753E-15     47.44        0.
  6561.893 1.628E-15 3.232E-13    -198.6 5.101E-14        0.     4.033
  6562.143 1.628E-15 -2.48E-13     152.4 -4.62E-14        0.      3.42
    center      cont      flux       eqw      core     gfwhm     lfwhm
  6560.639 1.454E-15 3.517E-14    -24.18 1.165E-14     2.835        0.
  6560.472 1.428E-15 9.386E-14    -65.75 4.400E-15     20.04        0.
  6560.625 1.429E-15 6.623E-14    -46.36 1.036E-14        0.      4.07
  6560.642 1.495E-15 3.459E-14    -23.13 1.172E-14     2.773        0.
    center      cont      flux       eqw      core     gfwhm     lfwhm
  6560.548 1.594E-15 -1.21E-13     75.61 -2.22E-14     5.097        0.
  6560.582 1.594E-15 2.135E-13    -133.9 3.470E-14        0.     3.916
  6560.619 1.674E-15 5.601E-14    -33.46 1.110E-14   0.02435     3.213
  6559.272 1.634E-15 3.193E-13    -195.4 5.661E-14    0.2004     3.582
  6559.045 1.634E-15 -2.46E-13     150.3 -5.34E-14   0.08412     2.926

Mar 28 18:10 [PSNJ13522-2015-05-10-MMT-BCH-1200.dop.fits]: J13522
    center      cont      flux       eqw      core     gfwhm     lfwhm
  6550.783 1.206E-15 2.669E-13    -221.4
avg:  1.204E-15  rms:  5.310E-17   snr:    22.67
avg:  1.192E-15  rms:  5.399E-17   snr:    22.09

Mar 28 18:12 [PSNJ13522-2015-06-12-MMT-BCH-1200.dop.fits]: J13522
    center      cont      flux       eqw      core     gfwhm     lfwhm
  6555.683 7.297E-16 3.651E-13    -499.5
avg:  7.251E-16  rms:  5.070E-17   snr:    14.30
avg:  7.570E-16  rms:  2.719E-17   snr:    27.84
avg:  1.438E-15  rms:  1.043E-15   snr:     1.38
avg:  6.647E-16  rms:  2.032E-17   snr:    32.71
avg:  7.530E-16  rms:  2.411E-17   snr:    31.24

Apr  4  0:07 [PSNJ13522-2016-02-18-MMT-BCH-1200.scale.fits]: psnJ135224
    center      cont      flux       eqw      core     gfwhm     lfwhm
  6558.693 0.9013021   1442.33    -1600.

Apr  4  0:09 [PSNJ13522-2016-02-18-MMT-BCH-1200.dop.fits]: psnJ135224
   6558.67 8.132E-17 1.264E-13    -1552.
avg:  8.964E-17  rms:  8.515E-18   snr:    10.53
avg:  7.786E-17  rms:  8.643E-18   snr:     9.01
avg:  7.710E-17  rms:  7.479E-18   snr:    10.31

Jun 10 17:14 [PSNJ13522-2015-03-22-MMT-BCH-1200.dop.fits]: PSNJ1352
    center      cont      flux       eqw      core     gfwhm     lfwhm
  5886.702 1.509E-15 -2.09E-15     1.389
  5892.646 1.515E-15 -1.75E-15     1.153

Jun 10 17:15 [PSNJ13522-2015-03-22-MMT-BCH-1200.fits]: PSNJ1352
  5927.895 1.492E-15 -2.02E-15     1.354
  5933.949 1.510E-15 -1.76E-15     1.162
